<?xml version="1.0" encoding="UTF-8"?>
<!-- Generated by org.testng.reporters.JUnitXMLReporter -->
<testsuite ignored="0" hostname="GauravAhuja" failures="1" tests="1" name="Test" time="30.832" errors="0" timestamp="2023-07-15T16:15:41 IST">
  <testcase classname="io.cucumber.testng.AbstractTestNGCucumberTests" name="runScenario" time="25.47">
    <failure type="java.lang.AssertionError" message="expected [https://www.google.com/] but found [https://opensource-demo.orangehrmlive.com/web/index.php/auth/login]">
      <![CDATA[java.lang.AssertionError: expected [https://www.google.com/] but found [https://opensource-demo.orangehrmlive.com/web/index.php/auth/login]
at StepDefinitionPackage.HrmStepDefinition.we_are_on_home_page(HrmStepDefinition.java:26)
at âœ½.We are on home page(file:///C:/Users/gaurav/eclipse-workspace/NCucumberProjectAr/src/test/java/FeaturePackage/Hrm.feature:5)
... Removed 5 stack frames]]>
    </failure>
  </testcase> <!-- runScenario -->
</testsuite> <!-- Test -->
