<?xml version="1.0" encoding="UTF-8"?>
<!-- Generated by org.testng.reporters.JUnitReportReporter -->
<testsuite hostname="GauravAhuja" failures="1" tests="1" name="RunnerPackage.HRMRunner" time="36.292" errors="0" timestamp="2023-07-15T12:30:18 IST" skipped="0">
  <testcase classname="RunnerPackage.HRMRunner" name="runScenario" time="36.292">
    <failure message="expected [https://www.google.com/] but found [https://opensource-demo.orangehrmlive.com/web/index.php/auth/login]" type="java.lang.AssertionError">
      <![CDATA[java.lang.AssertionError: expected [https://www.google.com/] but found [https://opensource-demo.orangehrmlive.com/web/index.php/auth/login]
at org.testng.Assert.fail(Assert.java:97)
at org.testng.Assert.assertEqualsImpl(Assert.java:136)
at org.testng.Assert.assertEquals(Assert.java:118)
at org.testng.Assert.assertEquals(Assert.java:575)
at org.testng.Assert.assertEquals(Assert.java:585)
at StepDefinitionPackage.HrmStepDefinition.we_are_on_home_page(HrmStepDefinition.java:26)
at âœ½.We are on home page(file:///C:/Users/gaurav/eclipse-workspace/NCucumberProjectAr/src/test/java/FeaturePackage/Hrm.feature:5)
]]>
    </failure>
  </testcase> <!-- runScenario -->
  <system-out/>
</testsuite> <!-- RunnerPackage.HRMRunner -->
